<?xml version="1.0" encoding="UTF-8"?>
<!-- Generated by org.testng.reporters.JUnitReportReporter -->
<testsuite skipped="0" hostname="IBM608-PC0488LB" name="com.training.regression.tests.LoginDBTest" tests="1" failures="0" timestamp="26 Jan 2019 02:41:15 GMT" time="14.994" errors="0">
  <testcase name="loginDBTest" time="14.994" classname="com.training.regression.tests.LoginDBTest"/>
</testsuite> <!-- com.training.regression.tests.LoginDBTest -->
