<?xml version="1.0" encoding="UTF-8"?>
<!-- Generated by org.testng.reporters.JUnitReportReporter -->
<testsuite skipped="0" hostname="IBM608-PC0488LB" name="com.training.sanity.tests.ChangeOrderTests" tests="2" failures="0" timestamp="17 Jan 2019 00:00:53 GMT" time="26.307" errors="0">
  <testcase name="validLoginTest" time="2.953" classname="com.training.sanity.tests.ChangeOrderTests"/>
  <testcase name="validChangeOrder" time="23.354" classname="com.training.sanity.tests.ChangeOrderTests"/>
</testsuite> <!-- com.training.sanity.tests.ChangeOrderTests -->
