<?xml version="1.0" encoding="UTF-8"?>
<!-- Generated by org.testng.reporters.JUnitReportReporter -->
<testsuite skipped="0" hostname="IBM608-PC0488LB" name="com.training.sanity.tests.FilterOrderTests" tests="2" failures="0" timestamp="21 Jan 2019 05:37:49 GMT" time="15.138" errors="0">
  <testcase name="validLoginTest" time="2.215" classname="com.training.sanity.tests.FilterOrderTests"/>
  <testcase name="validOrderList" time="12.923" classname="com.training.sanity.tests.FilterOrderTests"/>
</testsuite> <!-- com.training.sanity.tests.FilterOrderTests -->
