<?xml version="1.0" encoding="UTF-8"?>
<!-- Generated by org.testng.reporters.JUnitReportReporter -->
<testsuite skipped="0" hostname="IBM608-PC0488LB" name="com.training.sanity.tests.FilterOrderTest" tests="2" failures="0" timestamp="21 Jan 2019 05:36:49 GMT" time="20.500" errors="0">
  <testcase name="validLoginTest" time="12.459" classname="com.training.sanity.tests.FilterOrderTest"/>
  <testcase name="validOrderDetails" time="8.041" classname="com.training.sanity.tests.FilterOrderTest"/>
</testsuite> <!-- com.training.sanity.tests.FilterOrderTest -->
