<?xml version="1.0" encoding="UTF-8"?>
<!-- Generated by org.testng.reporters.JUnitReportReporter -->
<testsuite skipped="0" hostname="IBM608-PC0488LB" name="com.training.sanity.tests.ReturnOrderTests" tests="2" failures="0" timestamp="14 Jan 2019 10:49:46 GMT" time="8.604" errors="0">
  <testcase name="validLoginTest" time="2.530" classname="com.training.sanity.tests.ReturnOrderTests"/>
  <testcase name="validOrderDetails" time="6.074" classname="com.training.sanity.tests.ReturnOrderTests"/>
</testsuite> <!-- com.training.sanity.tests.ReturnOrderTests -->
