<?xml version="1.0" encoding="UTF-8"?>
<!-- Generated by org.testng.reporters.JUnitReportReporter -->
<testsuite skipped="0" hostname="IBM608-PC0488LB" name="com.training.sanity.tests.CreateCategoryTests" tests="3" failures="0" timestamp="21 Jan 2019 05:46:58 GMT" time="23.846" errors="0">
  <testcase name="validLoginTest" time="2.273" classname="com.training.sanity.tests.CreateCategoryTests"/>
  <testcase name="validCreateCategoryTest" time="9.392" classname="com.training.sanity.tests.CreateCategoryTests"/>
  <testcase name="validCreateProductTest" time="12.181" classname="com.training.sanity.tests.CreateCategoryTests"/>
</testsuite> <!-- com.training.sanity.tests.CreateCategoryTests -->
