<?xml version="1.0" encoding="UTF-8"?>
<!-- Generated by org.testng.reporters.JUnitReportReporter -->
<testsuite skipped="0" hostname="IBM608-PC0488LB" name="com.training.sanity.tests.FilterCustomerListTests" tests="2" failures="0" timestamp="14 Jan 2019 10:52:08 GMT" time="9.777" errors="0">
  <testcase name="validLoginTest" time="2.903" classname="com.training.sanity.tests.FilterCustomerListTests"/>
  <testcase name="validOrderDetails" time="6.874" classname="com.training.sanity.tests.FilterCustomerListTests"/>
</testsuite> <!-- com.training.sanity.tests.FilterCustomerListTests -->
