<?xml version="1.0" encoding="UTF-8"?>
<!-- Generated by org.testng.reporters.JUnitReportReporter -->
<testsuite skipped="0" hostname="IBM608-PC0488LB" name="com.training.sanity.tests.ReturnProductDeleteTests" tests="3" failures="0" timestamp="21 Jan 2019 05:58:05 GMT" time="15.480" errors="0">
  <testcase name="validLoginTest" time="4.174" classname="com.training.sanity.tests.ReturnProductDeleteTests"/>
  <testcase name="createReturnOrder" time="6.898" classname="com.training.sanity.tests.ReturnProductDeleteTests"/>
  <testcase name="validReturnProductDelete" time="4.408" classname="com.training.sanity.tests.ReturnProductDeleteTests"/>
</testsuite> <!-- com.training.sanity.tests.ReturnProductDeleteTests -->
