<?xml version="1.0" encoding="UTF-8"?>
<!-- Generated by org.testng.reporters.JUnitReportReporter -->
<testsuite skipped="0" hostname="IBM608-PC0488LB" name="com.training.sanity.tests.FilterOrderTest" tests="2" failures="0" timestamp="23 Jan 2019 05:05:48 GMT" time="62.598" errors="0">
  <testcase name="validLoginTest" time="54.749" classname="com.training.sanity.tests.FilterOrderTest"/>
  <testcase name="validOrderDetails" time="7.849" classname="com.training.sanity.tests.FilterOrderTest"/>
</testsuite> <!-- com.training.sanity.tests.FilterOrderTest -->
