<?xml version="1.0" encoding="UTF-8"?>
<!-- Generated by org.testng.reporters.JUnitReportReporter -->
<testsuite skipped="0" hostname="IBM608-PC0488LB" name="com.training.regression.tests.LoginExcelTest" tests="4" failures="0" timestamp="27 Jan 2019 00:31:14 GMT" time="48.970" errors="0">
  <testcase name="loginDBTest" time="12.838" classname="com.training.regression.tests.LoginExcelTest"/>
  <testcase name="loginDBTest" time="10.359" classname="com.training.regression.tests.LoginExcelTest"/>
  <testcase name="loginDBTest" time="12.739" classname="com.training.regression.tests.LoginExcelTest"/>
  <testcase name="loginDBTest" time="13.034" classname="com.training.regression.tests.LoginExcelTest"/>
</testsuite> <!-- com.training.regression.tests.LoginExcelTest -->
